2023-11-22T16:51:09+00:00 CRITICAL Maximum execution time of 120 seconds exceeded dans C:\wamp64\www\mono_wp\wp-includes\media.php à la ligne 1906

2023-11-22T17:03:33+00:00 CRITICAL Maximum execution time of 120 seconds exceeded dans C:\wamp64\www\mono_wp\wp-content\plugins\woocommerce\src\Internal\Traits\AccessiblePrivateMethods.php à la ligne 158

2023-11-22T17:04:28+00:00 CRITICAL Maximum execution time of 120 seconds exceeded dans C:\wamp64\www\mono_wp\wp-content\plugins\woocommerce\src\Internal\Traits\AccessiblePrivateMethods.php à la ligne 0

2023-11-22T17:04:28+00:00 CRITICAL Maximum execution time of 120 seconds exceeded dans C:\wamp64\www\mono_wp\wp-includes\rest-api.php à la ligne 347

2023-11-22T17:04:28+00:00 CRITICAL Maximum execution time of 120 seconds exceeded dans C:\wamp64\www\mono_wp\wp-includes\pomo\entry.php à la ligne 52

2023-11-22T17:04:28+00:00 CRITICAL Maximum execution time of 120 seconds exceeded dans C:\wamp64\www\mono_wp\wp-includes\l10n.php à la ligne 210

2023-11-22T17:06:56+00:00 CRITICAL Maximum execution time of 120 seconds exceeded dans C:\wamp64\www\mono_wp\wp-includes\class-wp-block-patterns-registry.php à la ligne 277

2023-11-22T17:13:18+00:00 CRITICAL Maximum execution time of 120 seconds exceeded dans C:\wamp64\www\mono_wp\wp-includes\link-template.php à la ligne 3503

2023-11-22T17:13:19+00:00 CRITICAL Maximum execution time of 120 seconds exceeded dans C:\wamp64\www\mono_wp\wp-content\plugins\woocommerce\vendor\jetpack-autoloader\class-version-loader.php à la ligne 135

2023-11-22T17:13:21+00:00 CRITICAL Maximum execution time of 120 seconds exceeded in C:\wamp64\www\mono_wp\wp-includes\pomo\entry.php on line 100

2023-11-22T17:39:50+00:00 CRITICAL Maximum execution time of 120 seconds exceeded dans C:\wamp64\www\mono_wp\wp-includes\l10n.php à la ligne 210

2023-11-22T17:39:50+00:00 CRITICAL Maximum execution time of 120 seconds exceeded dans C:\wamp64\www\mono_wp\wp-includes\blocks.php à la ligne 1636

2023-11-22T17:39:54+00:00 CRITICAL Maximum execution time of 120 seconds exceeded in C:\wamp64\www\mono_wp\wp-includes\pomo\mo.php on line 54

2023-11-22T17:40:06+00:00 CRITICAL Maximum execution time of 120 seconds exceeded dans C:\wamp64\www\mono_wp\wp-includes\class-wp-duotone.php à la ligne 928

2023-11-22T17:40:20+00:00 CRITICAL Maximum execution time of 120 seconds exceeded dans C:\wamp64\www\mono_wp\wp-includes\html-api\class-wp-html-tag-processor.php à la ligne 518

2023-11-22T17:49:37+00:00 CRITICAL Maximum execution time of 120 seconds exceeded dans C:\wamp64\www\mono_wp\wp-includes\functions.php à la ligne 649

2023-11-22T17:49:37+00:00 CRITICAL Maximum execution time of 120 seconds exceeded dans C:\wamp64\www\mono_wp\wp-content\plugins\woocommerce\src\Internal\Traits\AccessiblePrivateMethods.php à la ligne 158

2023-11-22T17:49:37+00:00 CRITICAL Maximum execution time of 120 seconds exceeded dans C:\wamp64\www\mono_wp\wp-content\plugins\woocommerce\src\Internal\Admin\ProductReviews\Reviews.php à la ligne 532

2023-11-22T17:49:38+00:00 CRITICAL Maximum execution time of 120 seconds exceeded dans C:\wamp64\www\mono_wp\wp-includes\plugin.php à la ligne 209

2023-11-22T17:49:38+00:00 CRITICAL Maximum execution time of 120 seconds exceeded dans C:\wamp64\www\mono_wp\wp-includes\option.php à la ligne 164

2023-11-22T17:49:40+00:00 CRITICAL Maximum execution time of 120 seconds exceeded in C:\wamp64\www\mono_wp\wp-includes\pomo\mo.php on line 302

2023-11-22T17:51:20+00:00 CRITICAL Maximum execution time of 120 seconds exceeded dans C:\wamp64\www\mono_wp\wp-includes\blocks.php à la ligne 356

2023-11-22T17:51:37+00:00 CRITICAL Maximum execution time of 120 seconds exceeded dans C:\wamp64\www\mono_wp\wp-includes\pomo\translations.php à la ligne 107

2023-11-22T17:51:37+00:00 CRITICAL Maximum execution time of 120 seconds exceeded dans C:\wamp64\www\mono_wp\wp-content\plugins\woocommerce\packages\woocommerce-blocks\src\Assets\Api.php à la ligne 304

2023-11-22T17:51:38+00:00 CRITICAL Maximum execution time of 120 seconds exceeded dans C:\wamp64\www\mono_wp\wp-includes\option.php à la ligne 593

2023-11-22T17:51:38+00:00 CRITICAL Maximum execution time of 120 seconds exceeded dans C:\wamp64\www\mono_wp\wp-includes\pomo\mo.php à la ligne 301

2023-11-22T17:51:38+00:00 CRITICAL Maximum execution time of 120 seconds exceeded in C:\wamp64\www\mono_wp\wp-includes\pomo\mo.php on line 54

2023-11-22T17:51:41+00:00 CRITICAL Maximum execution time of 120 seconds exceeded dans C:\wamp64\www\mono_wp\wp-includes\Requests\src\Transport\Curl.php à la ligne 205

