2023-12-21T10:18:07+00:00 CRITICAL Maximum execution time of 120 seconds exceeded dans C:\wamp64\www\mono_wp\wp-includes\Requests\src\Transport\Curl.php à la ligne 506

2023-12-21T10:18:32+00:00 CRITICAL Maximum execution time of 120 seconds exceeded dans C:\wamp64\www\mono_wp\wp-includes\Requests\src\Transport\Curl.php à la ligne 506

2023-12-21T10:18:34+00:00 CRITICAL Maximum execution time of 120 seconds exceeded dans C:\wamp64\www\mono_wp\wp-includes\Requests\src\Transport\Curl.php à la ligne 506

2023-12-21T10:18:57+00:00 CRITICAL Maximum execution time of 120 seconds exceeded dans C:\wamp64\www\mono_wp\wp-includes\Requests\src\Transport\Curl.php à la ligne 506

2023-12-21T10:18:59+00:00 CRITICAL Maximum execution time of 120 seconds exceeded dans C:\wamp64\www\mono_wp\wp-includes\Requests\src\Transport\Curl.php à la ligne 506

2023-12-21T10:19:00+00:00 CRITICAL Maximum execution time of 120 seconds exceeded dans C:\wamp64\www\mono_wp\wp-includes\Requests\src\Transport\Curl.php à la ligne 506

2023-12-21T10:19:01+00:00 CRITICAL Maximum execution time of 120 seconds exceeded dans C:\wamp64\www\mono_wp\wp-includes\Requests\src\Transport\Curl.php à la ligne 506

2023-12-21T10:19:01+00:00 CRITICAL Maximum execution time of 120 seconds exceeded dans C:\wamp64\www\mono_wp\wp-includes\Requests\src\Transport\Curl.php à la ligne 506

2023-12-21T10:19:01+00:00 CRITICAL Maximum execution time of 120 seconds exceeded dans C:\wamp64\www\mono_wp\wp-includes\Requests\src\Transport\Curl.php à la ligne 506

2023-12-21T10:19:28+00:00 CRITICAL Maximum execution time of 120 seconds exceeded dans C:\wamp64\www\mono_wp\wp-includes\Requests\src\Transport\Curl.php à la ligne 506

2023-12-21T10:20:57+00:00 CRITICAL Maximum execution time of 120 seconds exceeded dans C:\wamp64\www\mono_wp\wp-includes\rest-api\endpoints\class-wp-rest-posts-controller.php à la ligne 3085

2023-12-21T10:20:59+00:00 CRITICAL Maximum execution time of 120 seconds exceeded dans C:\wamp64\www\mono_wp\wp-includes\l10n.php à la ligne 297

2023-12-21T10:21:01+00:00 CRITICAL Maximum execution time of 120 seconds exceeded dans C:\wamp64\www\mono_wp\wp-includes\class-wp-hook.php à la ligne 326

2023-12-21T10:21:01+00:00 CRITICAL Maximum execution time of 120 seconds exceeded dans C:\wamp64\www\mono_wp\wp-includes\l10n.php à la ligne 186

2023-12-21T10:21:01+00:00 CRITICAL Maximum execution time of 120 seconds exceeded dans C:\wamp64\www\mono_wp\wp-includes\pomo\translations.php à la ligne 90

2023-12-21T10:21:02+00:00 CRITICAL Maximum execution time of 120 seconds exceeded dans C:\wamp64\www\mono_wp\wp-includes\plugin.php à la ligne 205

2023-12-21T10:22:45+00:00 CRITICAL Maximum execution time of 120 seconds exceeded dans C:\wamp64\www\mono_wp\wp-includes\Requests\src\Transport\Curl.php à la ligne 506

2023-12-21T10:22:47+00:00 CRITICAL Maximum execution time of 120 seconds exceeded dans C:\wamp64\www\mono_wp\wp-includes\Requests\src\Transport\Curl.php à la ligne 506

2023-12-21T10:22:50+00:00 CRITICAL Maximum execution time of 120 seconds exceeded dans C:\wamp64\www\mono_wp\wp-includes\Requests\src\Transport\Curl.php à la ligne 506

2023-12-21T10:22:50+00:00 CRITICAL Maximum execution time of 120 seconds exceeded dans C:\wamp64\www\mono_wp\wp-includes\Requests\src\Transport\Curl.php à la ligne 506

2023-12-21T10:22:51+00:00 CRITICAL Maximum execution time of 120 seconds exceeded dans C:\wamp64\www\mono_wp\wp-includes\Requests\src\Transport\Curl.php à la ligne 506

2023-12-21T10:22:51+00:00 CRITICAL Maximum execution time of 120 seconds exceeded dans C:\wamp64\www\mono_wp\wp-includes\Requests\src\Transport\Curl.php à la ligne 506

2023-12-21T10:23:01+00:00 CRITICAL Maximum execution time of 120 seconds exceeded dans C:\wamp64\www\mono_wp\wp-includes\Requests\src\Transport\Curl.php à la ligne 506

2023-12-21T10:23:01+00:00 CRITICAL Maximum execution time of 120 seconds exceeded dans C:\wamp64\www\mono_wp\wp-includes\Requests\src\Transport\Curl.php à la ligne 506

2023-12-21T10:27:02+00:00 CRITICAL Maximum execution time of 120 seconds exceeded dans C:\wamp64\www\mono_wp\wp-includes\Requests\src\Transport\Curl.php à la ligne 205

2023-12-21T10:27:16+00:00 CRITICAL Maximum execution time of 120 seconds exceeded dans C:\wamp64\www\mono_wp\wp-includes\Requests\src\Transport\Curl.php à la ligne 506

2023-12-21T10:27:31+00:00 CRITICAL Maximum execution time of 120 seconds exceeded dans C:\wamp64\www\mono_wp\wp-includes\Requests\src\Transport\Curl.php à la ligne 506

2023-12-21T10:27:34+00:00 CRITICAL Maximum execution time of 120 seconds exceeded dans C:\wamp64\www\mono_wp\wp-includes\Requests\src\Transport\Curl.php à la ligne 506

2023-12-21T10:27:45+00:00 CRITICAL Maximum execution time of 120 seconds exceeded dans C:\wamp64\www\mono_wp\wp-includes\Requests\src\Transport\Curl.php à la ligne 506

2023-12-21T10:27:52+00:00 CRITICAL Maximum execution time of 120 seconds exceeded dans C:\wamp64\www\mono_wp\wp-includes\Requests\src\Transport\Curl.php à la ligne 506

2023-12-21T10:27:52+00:00 CRITICAL Maximum execution time of 120 seconds exceeded dans C:\wamp64\www\mono_wp\wp-includes\Requests\src\Transport\Curl.php à la ligne 506

2023-12-21T10:27:53+00:00 CRITICAL Maximum execution time of 120 seconds exceeded dans C:\wamp64\www\mono_wp\wp-includes\Requests\src\Transport\Curl.php à la ligne 506

2023-12-21T10:27:53+00:00 CRITICAL Maximum execution time of 120 seconds exceeded dans C:\wamp64\www\mono_wp\wp-includes\Requests\src\Transport\Curl.php à la ligne 506

2023-12-21T10:28:24+00:00 CRITICAL Maximum execution time of 120 seconds exceeded dans C:\wamp64\www\mono_wp\wp-includes\Requests\src\Transport\Curl.php à la ligne 506

2023-12-21T10:28:52+00:00 CRITICAL Maximum execution time of 120 seconds exceeded dans C:\wamp64\www\mono_wp\wp-includes\Requests\src\Transport\Curl.php à la ligne 506

2023-12-21T10:28:58+00:00 CRITICAL Maximum execution time of 120 seconds exceeded dans C:\wamp64\www\mono_wp\wp-includes\Requests\src\Transport\Curl.php à la ligne 506

2023-12-21T10:33:56+00:00 CRITICAL Maximum execution time of 120 seconds exceeded dans C:\wamp64\www\mono_wp\wp-includes\Requests\src\Transport\Curl.php à la ligne 506

2023-12-21T10:34:27+00:00 CRITICAL Maximum execution time of 120 seconds exceeded dans C:\wamp64\www\mono_wp\wp-includes\Requests\src\Transport\Curl.php à la ligne 506

2023-12-21T10:34:38+00:00 CRITICAL Maximum execution time of 120 seconds exceeded dans C:\wamp64\www\mono_wp\wp-includes\Requests\src\Transport\Curl.php à la ligne 506

2023-12-21T10:34:40+00:00 CRITICAL Maximum execution time of 120 seconds exceeded dans C:\wamp64\www\mono_wp\wp-includes\Requests\src\Transport\Curl.php à la ligne 506

2023-12-21T10:34:57+00:00 CRITICAL Maximum execution time of 120 seconds exceeded dans C:\wamp64\www\mono_wp\wp-includes\Requests\src\Transport\Curl.php à la ligne 506

2023-12-21T10:35:07+00:00 CRITICAL Maximum execution time of 120 seconds exceeded dans C:\wamp64\www\mono_wp\wp-includes\Requests\src\Transport\Curl.php à la ligne 506

2023-12-21T10:35:18+00:00 CRITICAL Maximum execution time of 120 seconds exceeded dans C:\wamp64\www\mono_wp\wp-includes\Requests\src\Transport\Curl.php à la ligne 506

2023-12-21T10:35:22+00:00 CRITICAL Maximum execution time of 120 seconds exceeded dans C:\wamp64\www\mono_wp\wp-includes\Requests\src\Transport\Curl.php à la ligne 506

2023-12-21T10:35:23+00:00 CRITICAL Maximum execution time of 120 seconds exceeded dans C:\wamp64\www\mono_wp\wp-includes\Requests\src\Transport\Curl.php à la ligne 506

2023-12-21T10:35:26+00:00 CRITICAL Maximum execution time of 120 seconds exceeded dans C:\wamp64\www\mono_wp\wp-includes\Requests\src\Transport\Curl.php à la ligne 506

2023-12-21T10:35:28+00:00 CRITICAL Maximum execution time of 120 seconds exceeded dans C:\wamp64\www\mono_wp\wp-includes\Requests\src\Transport\Curl.php à la ligne 506

2023-12-21T10:35:38+00:00 CRITICAL Maximum execution time of 120 seconds exceeded dans C:\wamp64\www\mono_wp\wp-includes\Requests\src\Transport\Curl.php à la ligne 506

2023-12-21T10:47:47+00:00 CRITICAL Maximum execution time of 120 seconds exceeded dans C:\wamp64\www\mono_wp\wp-includes\blocks.php à la ligne 356

2023-12-21T10:47:48+00:00 CRITICAL Maximum execution time of 120 seconds exceeded dans C:\wamp64\www\mono_wp\wp-includes\functions.php à la ligne 4593

2023-12-21T10:47:57+00:00 CRITICAL Maximum execution time of 120 seconds exceeded dans C:\wamp64\www\mono_wp\wp-includes\class-wp-block-type-registry.php à la ligne 64

2023-12-21T10:47:57+00:00 CRITICAL Maximum execution time of 120 seconds exceeded dans C:\wamp64\www\mono_wp\wp-includes\class-wp-locale-switcher.php à la ligne 224

2023-12-21T10:47:58+00:00 CRITICAL Maximum execution time of 120 seconds exceeded dans C:\wamp64\www\mono_wp\wp-includes\Requests\src\Transport\Curl.php à la ligne 506

2023-12-21T10:52:28+00:00 CRITICAL Maximum execution time of 120 seconds exceeded dans C:\wamp64\www\mono_wp\wp-includes\class-wp-block-supports.php à la ligne 152

2023-12-21T10:52:54+00:00 CRITICAL Maximum execution time of 120 seconds exceeded dans C:\wamp64\www\mono_wp\wp-includes\Requests\src\Transport\Curl.php à la ligne 506

2023-12-21T10:53:08+00:00 CRITICAL Maximum execution time of 120 seconds exceeded dans C:\wamp64\www\mono_wp\wp-includes\Requests\src\Transport\Curl.php à la ligne 506

2023-12-21T10:53:10+00:00 CRITICAL Maximum execution time of 120 seconds exceeded dans C:\wamp64\www\mono_wp\wp-includes\Requests\src\Transport\Curl.php à la ligne 506

2023-12-21T10:53:23+00:00 CRITICAL Maximum execution time of 120 seconds exceeded dans C:\wamp64\www\mono_wp\wp-includes\Requests\src\Transport\Curl.php à la ligne 506

2023-12-21T10:53:35+00:00 CRITICAL Maximum execution time of 120 seconds exceeded dans C:\wamp64\www\mono_wp\wp-includes\Requests\src\Transport\Curl.php à la ligne 506

2023-12-21T10:53:59+00:00 CRITICAL Maximum execution time of 120 seconds exceeded dans C:\wamp64\www\mono_wp\wp-includes\Requests\src\Transport\Curl.php à la ligne 506

2023-12-21T10:54:00+00:00 CRITICAL Maximum execution time of 120 seconds exceeded dans C:\wamp64\www\mono_wp\wp-includes\Requests\src\Transport\Curl.php à la ligne 506

2023-12-21T10:54:01+00:00 CRITICAL Maximum execution time of 120 seconds exceeded dans C:\wamp64\www\mono_wp\wp-includes\Requests\src\Transport\Curl.php à la ligne 506

2023-12-21T10:54:02+00:00 CRITICAL Maximum execution time of 120 seconds exceeded dans C:\wamp64\www\mono_wp\wp-includes\Requests\src\Transport\Curl.php à la ligne 506

2023-12-21T10:54:02+00:00 CRITICAL Maximum execution time of 120 seconds exceeded dans C:\wamp64\www\mono_wp\wp-includes\Requests\src\Transport\Curl.php à la ligne 506

2023-12-21T10:54:20+00:00 CRITICAL Maximum execution time of 120 seconds exceeded dans C:\wamp64\www\mono_wp\wp-includes\Requests\src\Transport\Curl.php à la ligne 506

2023-12-21T10:55:36+00:00 CRITICAL Maximum execution time of 120 seconds exceeded dans C:\wamp64\www\mono_wp\wp-includes\pomo\translations.php à la ligne 101

2023-12-21T10:55:59+00:00 CRITICAL Maximum execution time of 120 seconds exceeded dans C:\wamp64\www\mono_wp\wp-content\plugins\woocommerce\src\Internal\Traits\AccessiblePrivateMethods.php à la ligne 156

2023-12-21T10:56:00+00:00 CRITICAL Maximum execution time of 120 seconds exceeded dans C:\wamp64\www\mono_wp\wp-content\plugins\woocommerce\src\Admin\API\Leaderboards.php à la ligne 8

2023-12-21T10:56:02+00:00 CRITICAL Maximum execution time of 120 seconds exceeded dans C:\wamp64\www\mono_wp\wp-content\plugins\woocommerce\src\Internal\Traits\AccessiblePrivateMethods.php à la ligne 156

2023-12-21T10:56:02+00:00 CRITICAL Maximum execution time of 120 seconds exceeded dans C:\wamp64\www\mono_wp\wp-includes\l10n.php à la ligne 297

2023-12-21T10:56:02+00:00 CRITICAL Maximum execution time of 120 seconds exceeded dans C:\wamp64\www\mono_wp\wp-includes\class-wp-hook.php à la ligne 326

2023-12-21T10:59:56+00:00 CRITICAL Maximum execution time of 120 seconds exceeded dans C:\wamp64\www\mono_wp\wp-includes\Requests\src\Transport\Curl.php à la ligne 506

2023-12-21T11:00:27+00:00 CRITICAL Maximum execution time of 120 seconds exceeded dans C:\wamp64\www\mono_wp\wp-includes\Requests\src\Transport\Curl.php à la ligne 506

2023-12-21T11:00:37+00:00 CRITICAL Maximum execution time of 120 seconds exceeded dans C:\wamp64\www\mono_wp\wp-includes\Requests\src\Transport\Curl.php à la ligne 506

2023-12-21T11:00:37+00:00 CRITICAL Maximum execution time of 120 seconds exceeded dans C:\wamp64\www\mono_wp\wp-includes\Requests\src\Transport\Curl.php à la ligne 506

2023-12-21T11:00:42+00:00 CRITICAL Maximum execution time of 120 seconds exceeded dans C:\wamp64\www\mono_wp\wp-includes\Requests\src\Transport\Curl.php à la ligne 506

2023-12-21T11:00:45+00:00 CRITICAL Maximum execution time of 120 seconds exceeded dans C:\wamp64\www\mono_wp\wp-includes\Requests\src\Transport\Curl.php à la ligne 506

2023-12-21T11:04:54+00:00 CRITICAL Maximum execution time of 120 seconds exceeded dans C:\wamp64\www\mono_wp\wp-includes\Requests\src\Transport\Curl.php à la ligne 506

2023-12-21T11:05:03+00:00 CRITICAL Maximum execution time of 120 seconds exceeded dans C:\wamp64\www\mono_wp\wp-includes\Requests\src\Transport\Curl.php à la ligne 506

2023-12-21T11:05:07+00:00 CRITICAL Maximum execution time of 120 seconds exceeded dans C:\wamp64\www\mono_wp\wp-includes\Requests\src\Transport\Curl.php à la ligne 506

2023-12-21T11:05:23+00:00 CRITICAL Maximum execution time of 120 seconds exceeded dans C:\wamp64\www\mono_wp\wp-includes\Requests\src\Transport\Curl.php à la ligne 506

2023-12-21T11:05:28+00:00 CRITICAL Maximum execution time of 120 seconds exceeded dans C:\wamp64\www\mono_wp\wp-includes\Requests\src\Transport\Curl.php à la ligne 506

2023-12-21T11:05:51+00:00 CRITICAL Maximum execution time of 120 seconds exceeded dans C:\wamp64\www\mono_wp\wp-includes\Requests\src\Transport\Curl.php à la ligne 506

2023-12-21T11:05:53+00:00 CRITICAL Maximum execution time of 120 seconds exceeded dans C:\wamp64\www\mono_wp\wp-includes\Requests\src\Transport\Curl.php à la ligne 506

2023-12-21T11:05:55+00:00 CRITICAL Maximum execution time of 120 seconds exceeded dans C:\wamp64\www\mono_wp\wp-includes\Requests\src\Transport\Curl.php à la ligne 506

2023-12-21T11:05:57+00:00 CRITICAL Maximum execution time of 120 seconds exceeded dans C:\wamp64\www\mono_wp\wp-includes\Requests\src\Transport\Curl.php à la ligne 506

2023-12-21T11:05:58+00:00 CRITICAL Maximum execution time of 120 seconds exceeded dans C:\wamp64\www\mono_wp\wp-includes\Requests\src\Transport\Curl.php à la ligne 506

2023-12-21T11:05:59+00:00 CRITICAL Maximum execution time of 120 seconds exceeded dans C:\wamp64\www\mono_wp\wp-includes\Requests\src\Transport\Curl.php à la ligne 506

2023-12-21T11:07:28+00:00 CRITICAL Maximum execution time of 120 seconds exceeded dans C:\wamp64\www\mono_wp\wp-includes\plugin.php à la ligne 205

2023-12-21T11:07:53+00:00 CRITICAL Maximum execution time of 120 seconds exceeded dans C:\wamp64\www\mono_wp\wp-includes\class-wp-hook.php à la ligne 326

2023-12-21T11:07:55+00:00 CRITICAL Maximum execution time of 120 seconds exceeded dans C:\wamp64\www\mono_wp\wp-includes\pomo\translations.php à la ligne 91

2023-12-21T11:07:57+00:00 CRITICAL Maximum execution time of 120 seconds exceeded dans C:\wamp64\www\mono_wp\wp-content\plugins\woocommerce\packages\woocommerce-blocks\src\StoreApi\Schemas\V1\AbstractSchema.php à la ligne 297

2023-12-21T11:07:59+00:00 CRITICAL Maximum execution time of 120 seconds exceeded dans C:\wamp64\www\mono_wp\wp-includes\l10n.php à la ligne 185

2023-12-21T11:07:59+00:00 CRITICAL Maximum execution time of 120 seconds exceeded dans C:\wamp64\www\mono_wp\wp-includes\pomo\translations.php à la ligne 101

2023-12-21T11:10:28+00:00 CRITICAL Maximum execution time of 120 seconds exceeded dans C:\wamp64\www\mono_wp\wp-includes\Requests\src\Transport\Curl.php à la ligne 533

2023-12-21T11:10:28+00:00 CRITICAL Maximum execution time of 120 seconds exceeded dans C:\wamp64\www\mono_wp\wp-includes\Requests\src\Transport\Curl.php à la ligne 506

2023-12-21T11:10:52+00:00 CRITICAL Maximum execution time of 120 seconds exceeded dans C:\wamp64\www\mono_wp\wp-includes\Requests\src\Transport\Curl.php à la ligne 506

2023-12-21T11:16:17+00:00 CRITICAL Maximum execution time of 120 seconds exceeded dans C:\wamp64\www\mono_wp\wp-includes\pomo\entry.php à la ligne 93

2023-12-21T11:16:20+00:00 CRITICAL Maximum execution time of 120 seconds exceeded dans C:\wamp64\www\mono_wp\wp-includes\l10n.php à la ligne 186

2023-12-21T11:16:20+00:00 CRITICAL Maximum execution time of 120 seconds exceeded dans C:\wamp64\www\mono_wp\wp-includes\plugin.php à la ligne 205

2023-12-21T11:16:20+00:00 CRITICAL Maximum execution time of 120 seconds exceeded dans C:\wamp64\www\mono_wp\wp-includes\pomo\translations.php à la ligne 91

2023-12-21T11:16:20+00:00 CRITICAL Maximum execution time of 120 seconds exceeded dans C:\wamp64\www\mono_wp\wp-includes\plugin.php à la ligne 205

2023-12-21T11:16:20+00:00 CRITICAL Maximum execution time of 120 seconds exceeded dans C:\wamp64\www\mono_wp\wp-includes\pomo\translations.php à la ligne 101

2023-12-21T11:18:08+00:00 CRITICAL Maximum execution time of 120 seconds exceeded dans C:\wamp64\www\mono_wp\wp-includes\Requests\src\Transport\Curl.php à la ligne 506

2023-12-21T11:18:10+00:00 CRITICAL Maximum execution time of 120 seconds exceeded dans C:\wamp64\www\mono_wp\wp-includes\Requests\src\Transport\Curl.php à la ligne 506

2023-12-21T11:18:12+00:00 CRITICAL Maximum execution time of 120 seconds exceeded dans C:\wamp64\www\mono_wp\wp-includes\Requests\src\Transport\Curl.php à la ligne 506

2023-12-21T11:18:13+00:00 CRITICAL Maximum execution time of 120 seconds exceeded dans C:\wamp64\www\mono_wp\wp-includes\Requests\src\Transport\Curl.php à la ligne 506

2023-12-21T11:18:13+00:00 CRITICAL Maximum execution time of 120 seconds exceeded dans C:\wamp64\www\mono_wp\wp-includes\Requests\src\Transport\Curl.php à la ligne 506

2023-12-21T11:18:14+00:00 CRITICAL Maximum execution time of 120 seconds exceeded dans C:\wamp64\www\mono_wp\wp-includes\Requests\src\Transport\Curl.php à la ligne 506

2023-12-21T11:18:19+00:00 CRITICAL Maximum execution time of 120 seconds exceeded dans C:\wamp64\www\mono_wp\wp-includes\Requests\src\Transport\Curl.php à la ligne 506

2023-12-21T11:18:26+00:00 CRITICAL Maximum execution time of 120 seconds exceeded dans C:\wamp64\www\mono_wp\wp-includes\Requests\src\Transport\Curl.php à la ligne 533

2023-12-21T11:18:26+00:00 CRITICAL Maximum execution time of 120 seconds exceeded dans C:\wamp64\www\mono_wp\wp-includes\Requests\src\Transport\Curl.php à la ligne 506

2023-12-21T11:18:26+00:00 CRITICAL Maximum execution time of 120 seconds exceeded dans C:\wamp64\www\mono_wp\wp-includes\Requests\src\Transport\Curl.php à la ligne 506

2023-12-21T11:18:26+00:00 CRITICAL Maximum execution time of 120 seconds exceeded dans C:\wamp64\www\mono_wp\wp-includes\Requests\src\Transport\Curl.php à la ligne 506

2023-12-21T11:18:27+00:00 CRITICAL Maximum execution time of 120 seconds exceeded dans C:\wamp64\www\mono_wp\wp-includes\Requests\src\Transport\Curl.php à la ligne 506

2023-12-21T11:27:03+00:00 CRITICAL Maximum execution time of 120 seconds exceeded dans C:\wamp64\www\mono_wp\wp-includes\Requests\src\Transport\Curl.php à la ligne 506

2023-12-21T11:27:04+00:00 CRITICAL Maximum execution time of 120 seconds exceeded dans C:\wamp64\www\mono_wp\wp-includes\Requests\src\Transport\Curl.php à la ligne 506

2023-12-21T11:27:04+00:00 CRITICAL Maximum execution time of 120 seconds exceeded dans C:\wamp64\www\mono_wp\wp-includes\Requests\src\Transport\Curl.php à la ligne 506

2023-12-21T11:27:05+00:00 CRITICAL Maximum execution time of 120 seconds exceeded dans C:\wamp64\www\mono_wp\wp-includes\Requests\src\Transport\Curl.php à la ligne 506

2023-12-21T11:32:15+00:00 CRITICAL Maximum execution time of 120 seconds exceeded dans C:\wamp64\www\mono_wp\wp-includes\functions.php à la ligne 4593

2023-12-21T11:32:19+00:00 CRITICAL Maximum execution time of 120 seconds exceeded dans C:\wamp64\www\mono_wp\wp-includes\Requests\src\Transport\Curl.php à la ligne 506

2023-12-21T11:32:22+00:00 CRITICAL Maximum execution time of 120 seconds exceeded dans C:\wamp64\www\mono_wp\wp-includes\Requests\src\Transport\Curl.php à la ligne 506

2023-12-21T11:32:53+00:00 CRITICAL Maximum execution time of 120 seconds exceeded dans C:\wamp64\www\mono_wp\wp-includes\Requests\src\Transport\Curl.php à la ligne 506

2023-12-21T11:32:57+00:00 CRITICAL Maximum execution time of 120 seconds exceeded dans C:\wamp64\www\mono_wp\wp-includes\Requests\src\Transport\Curl.php à la ligne 506

2023-12-21T11:33:18+00:00 CRITICAL Maximum execution time of 120 seconds exceeded dans C:\wamp64\www\mono_wp\wp-includes\Requests\src\Transport\Curl.php à la ligne 506

2023-12-21T11:33:21+00:00 CRITICAL Maximum execution time of 120 seconds exceeded dans C:\wamp64\www\mono_wp\wp-includes\Requests\src\Transport\Curl.php à la ligne 506

2023-12-21T11:33:22+00:00 CRITICAL Maximum execution time of 120 seconds exceeded dans C:\wamp64\www\mono_wp\wp-includes\pomo\entry.php à la ligne 100

