2023-12-20T12:36:35+00:00 CRITICAL Maximum execution time of 120 seconds exceeded dans C:\wamp64\www\mono_wp\wp-includes\Requests\src\Transport\Curl.php à la ligne 506

2023-12-20T12:41:04+00:00 CRITICAL Maximum execution time of 120 seconds exceeded dans C:\wamp64\www\mono_wp\wp-admin\includes\class-wp-filesystem-direct.php à la ligne 82

2023-12-20T13:20:23+00:00 CRITICAL Maximum execution time of 120 seconds exceeded dans C:\wamp64\www\mono_wp\wp-includes\Requests\src\Transport\Curl.php à la ligne 506

2023-12-20T13:20:24+00:00 CRITICAL Maximum execution time of 120 seconds exceeded dans C:\wamp64\www\mono_wp\wp-includes\Requests\src\Transport\Curl.php à la ligne 506

2023-12-20T13:20:24+00:00 CRITICAL Maximum execution time of 120 seconds exceeded dans C:\wamp64\www\mono_wp\wp-includes\Requests\src\Transport\Curl.php à la ligne 506

2023-12-20T13:20:24+00:00 CRITICAL Maximum execution time of 120 seconds exceeded dans C:\wamp64\www\mono_wp\wp-includes\Requests\src\Transport\Curl.php à la ligne 506

2023-12-20T13:20:24+00:00 CRITICAL Maximum execution time of 120 seconds exceeded dans C:\wamp64\www\mono_wp\wp-includes\Requests\src\Transport\Curl.php à la ligne 506

2023-12-20T13:20:24+00:00 CRITICAL Maximum execution time of 120 seconds exceeded dans C:\wamp64\www\mono_wp\wp-includes\Requests\src\Transport\Curl.php à la ligne 506

2023-12-20T13:34:26+00:00 CRITICAL Maximum execution time of 120 seconds exceeded dans C:\wamp64\www\mono_wp\wp-includes\Requests\src\Transport\Curl.php à la ligne 506

2023-12-20T13:34:26+00:00 CRITICAL Maximum execution time of 120 seconds exceeded dans C:\wamp64\www\mono_wp\wp-includes\Requests\src\Transport\Curl.php à la ligne 506

2023-12-20T13:34:27+00:00 CRITICAL Maximum execution time of 120 seconds exceeded dans C:\wamp64\www\mono_wp\wp-includes\Requests\src\Transport\Curl.php à la ligne 506

2023-12-20T13:34:27+00:00 CRITICAL Maximum execution time of 120 seconds exceeded dans C:\wamp64\www\mono_wp\wp-includes\Requests\src\Transport\Curl.php à la ligne 506

2023-12-20T13:34:28+00:00 CRITICAL Maximum execution time of 120 seconds exceeded dans C:\wamp64\www\mono_wp\wp-includes\Requests\src\Transport\Curl.php à la ligne 506

2023-12-20T13:34:30+00:00 CRITICAL Maximum execution time of 120 seconds exceeded dans C:\wamp64\www\mono_wp\wp-includes\Requests\src\Transport\Curl.php à la ligne 506

2023-12-20T13:34:58+00:00 CRITICAL Maximum execution time of 120 seconds exceeded dans C:\wamp64\www\mono_wp\wp-includes\Requests\src\Transport\Curl.php à la ligne 506

2023-12-20T13:35:26+00:00 CRITICAL Maximum execution time of 120 seconds exceeded dans C:\wamp64\www\mono_wp\wp-includes\class-wp-hook.php à la ligne 311

2023-12-20T13:50:34+00:00 CRITICAL Maximum execution time of 120 seconds exceeded dans C:\wamp64\www\mono_wp\wp-includes\Requests\src\Transport\Curl.php à la ligne 533

2023-12-20T13:51:10+00:00 CRITICAL Maximum execution time of 120 seconds exceeded dans C:\wamp64\www\mono_wp\wp-includes\Requests\src\Transport\Curl.php à la ligne 506

2023-12-20T13:51:18+00:00 CRITICAL Maximum execution time of 120 seconds exceeded dans C:\wamp64\www\mono_wp\wp-includes\Requests\src\Transport\Curl.php à la ligne 506

2023-12-20T13:51:22+00:00 CRITICAL Maximum execution time of 120 seconds exceeded dans C:\wamp64\www\mono_wp\wp-includes\Requests\src\Transport\Curl.php à la ligne 506

2023-12-20T13:51:30+00:00 CRITICAL Maximum execution time of 120 seconds exceeded dans C:\wamp64\www\mono_wp\wp-includes\Requests\src\Transport\Curl.php à la ligne 533

2023-12-20T13:51:43+00:00 CRITICAL Maximum execution time of 120 seconds exceeded dans C:\wamp64\www\mono_wp\wp-includes\Requests\src\Transport\Curl.php à la ligne 506

2023-12-20T13:52:04+00:00 CRITICAL Maximum execution time of 120 seconds exceeded dans C:\wamp64\www\mono_wp\wp-includes\Requests\src\Transport\Curl.php à la ligne 506

2023-12-20T13:52:06+00:00 CRITICAL Maximum execution time of 120 seconds exceeded dans C:\wamp64\www\mono_wp\wp-includes\Requests\src\Transport\Curl.php à la ligne 506

2023-12-20T13:52:07+00:00 CRITICAL Maximum execution time of 120 seconds exceeded dans C:\wamp64\www\mono_wp\wp-includes\Requests\src\Transport\Curl.php à la ligne 506

2023-12-20T13:52:08+00:00 CRITICAL Maximum execution time of 120 seconds exceeded dans C:\wamp64\www\mono_wp\wp-includes\Requests\src\Transport\Curl.php à la ligne 506

2023-12-20T13:52:21+00:00 CRITICAL Maximum execution time of 120 seconds exceeded dans C:\wamp64\www\mono_wp\wp-includes\Requests\src\Transport\Curl.php à la ligne 506

2023-12-20T14:02:17+00:00 CRITICAL Maximum execution time of 120 seconds exceeded dans C:\wamp64\www\mono_wp\wp-includes\Requests\src\Transport\Curl.php à la ligne 506

2023-12-20T14:02:18+00:00 CRITICAL Maximum execution time of 120 seconds exceeded dans C:\wamp64\www\mono_wp\wp-includes\Requests\src\Transport\Curl.php à la ligne 506

2023-12-20T14:02:21+00:00 CRITICAL Maximum execution time of 120 seconds exceeded dans C:\wamp64\www\mono_wp\wp-includes\Requests\src\Transport\Curl.php à la ligne 506

2023-12-20T14:02:37+00:00 CRITICAL Maximum execution time of 120 seconds exceeded dans C:\wamp64\www\mono_wp\wp-includes\Requests\src\Transport\Curl.php à la ligne 506

2023-12-20T14:02:38+00:00 CRITICAL Maximum execution time of 120 seconds exceeded dans C:\wamp64\www\mono_wp\wp-includes\Requests\src\Transport\Curl.php à la ligne 506

2023-12-20T14:02:38+00:00 CRITICAL Maximum execution time of 120 seconds exceeded dans C:\wamp64\www\mono_wp\wp-includes\Requests\src\Transport\Curl.php à la ligne 506

2023-12-20T14:02:38+00:00 CRITICAL Maximum execution time of 120 seconds exceeded dans C:\wamp64\www\mono_wp\wp-includes\Requests\src\Transport\Curl.php à la ligne 506

2023-12-20T14:02:39+00:00 CRITICAL Maximum execution time of 120 seconds exceeded dans C:\wamp64\www\mono_wp\wp-includes\Requests\src\Transport\Curl.php à la ligne 506

2023-12-20T14:02:40+00:00 CRITICAL Maximum execution time of 120 seconds exceeded dans C:\wamp64\www\mono_wp\wp-includes\Requests\src\Transport\Curl.php à la ligne 506

2023-12-20T14:03:21+00:00 CRITICAL Maximum execution time of 120 seconds exceeded dans C:\wamp64\www\mono_wp\wp-includes\Requests\src\Transport\Curl.php à la ligne 205

2023-12-20T14:04:37+00:00 CRITICAL Maximum execution time of 120 seconds exceeded dans C:\wamp64\www\mono_wp\wp-includes\Requests\src\Transport\Curl.php à la ligne 506

2023-12-20T14:04:38+00:00 CRITICAL Maximum execution time of 120 seconds exceeded dans C:\wamp64\www\mono_wp\wp-includes\Requests\src\Transport\Curl.php à la ligne 506

2023-12-20T14:04:39+00:00 CRITICAL Maximum execution time of 120 seconds exceeded dans C:\wamp64\www\mono_wp\wp-includes\Requests\src\Transport\Curl.php à la ligne 506

2023-12-20T14:04:40+00:00 CRITICAL Maximum execution time of 120 seconds exceeded dans C:\wamp64\www\mono_wp\wp-includes\Requests\src\Transport\Curl.php à la ligne 506

2023-12-20T14:04:40+00:00 CRITICAL Maximum execution time of 120 seconds exceeded dans C:\wamp64\www\mono_wp\wp-includes\Requests\src\Transport\Curl.php à la ligne 506

2023-12-20T14:04:40+00:00 CRITICAL Maximum execution time of 120 seconds exceeded dans C:\wamp64\www\mono_wp\wp-includes\Requests\src\Transport\Curl.php à la ligne 506

2023-12-20T14:07:58+00:00 CRITICAL Maximum execution time of 120 seconds exceeded dans C:\wamp64\www\mono_wp\wp-includes\Requests\src\Transport\Curl.php à la ligne 533

2023-12-20T14:07:58+00:00 CRITICAL Maximum execution time of 120 seconds exceeded dans C:\wamp64\www\mono_wp\wp-includes\Requests\src\Transport\Curl.php à la ligne 506

2023-12-20T14:08:01+00:00 CRITICAL Maximum execution time of 120 seconds exceeded dans C:\wamp64\www\mono_wp\wp-includes\Requests\src\Transport\Curl.php à la ligne 506

2023-12-20T14:08:03+00:00 CRITICAL Maximum execution time of 120 seconds exceeded dans C:\wamp64\www\mono_wp\wp-includes\Requests\src\Transport\Curl.php à la ligne 506

2023-12-20T14:08:06+00:00 CRITICAL Maximum execution time of 120 seconds exceeded dans C:\wamp64\www\mono_wp\wp-includes\Requests\src\Transport\Curl.php à la ligne 506

2023-12-20T14:08:09+00:00 CRITICAL Maximum execution time of 120 seconds exceeded dans C:\wamp64\www\mono_wp\wp-includes\Requests\src\Transport\Curl.php à la ligne 506

2023-12-20T14:08:34+00:00 CRITICAL Maximum execution time of 120 seconds exceeded dans C:\wamp64\www\mono_wp\wp-includes\Requests\src\Transport\Curl.php à la ligne 506

2023-12-20T14:32:08+00:00 CRITICAL Maximum execution time of 120 seconds exceeded dans C:\wamp64\www\mono_wp\wp-content\plugins\woocommerce\src\Caching\CacheNameSpaceTrait.php à la ligne 23

2023-12-20T15:34:07+00:00 CRITICAL Maximum execution time of 120 seconds exceeded dans C:\wamp64\www\mono_wp\wp-content\plugins\woocommerce\src\Internal\Traits\AccessiblePrivateMethods.php à la ligne 156

2023-12-20T15:34:07+00:00 CRITICAL Maximum execution time of 120 seconds exceeded dans C:\wamp64\www\mono_wp\wp-includes\Requests\src\Transport\Curl.php à la ligne 205

2023-12-20T15:34:07+00:00 CRITICAL Maximum execution time of 120 seconds exceeded dans C:\wamp64\www\mono_wp\wp-content\plugins\woocommerce\includes\rest-api\Controllers\Version2\class-wc-rest-setting-options-v2-controller.php à la ligne 41

2023-12-20T15:34:07+00:00 CRITICAL Maximum execution time of 120 seconds exceeded dans C:\wamp64\www\mono_wp\wp-includes\Requests\src\Transport\Curl.php à la ligne 205

2023-12-20T15:34:08+00:00 CRITICAL Maximum execution time of 120 seconds exceeded dans C:\wamp64\www\mono_wp\wp-includes\Requests\src\Transport\Curl.php à la ligne 205

2023-12-20T15:34:08+00:00 CRITICAL Maximum execution time of 120 seconds exceeded dans C:\wamp64\www\mono_wp\wp-includes\Requests\src\Transport\Curl.php à la ligne 205

2023-12-20T15:36:05+00:00 CRITICAL Maximum execution time of 120 seconds exceeded dans C:\wamp64\www\mono_wp\wp-includes\Requests\src\Transport\Curl.php à la ligne 506

2023-12-20T15:36:06+00:00 CRITICAL Maximum execution time of 120 seconds exceeded dans C:\wamp64\www\mono_wp\wp-includes\Requests\src\Transport\Curl.php à la ligne 506

2023-12-20T15:36:08+00:00 CRITICAL Maximum execution time of 120 seconds exceeded dans C:\wamp64\www\mono_wp\wp-includes\Requests\src\Transport\Curl.php à la ligne 506

2023-12-20T15:36:08+00:00 CRITICAL Maximum execution time of 120 seconds exceeded dans C:\wamp64\www\mono_wp\wp-includes\Requests\src\Transport\Curl.php à la ligne 506

2023-12-20T15:36:09+00:00 CRITICAL Maximum execution time of 120 seconds exceeded dans C:\wamp64\www\mono_wp\wp-includes\Requests\src\Transport\Curl.php à la ligne 506

2023-12-20T15:36:09+00:00 CRITICAL Maximum execution time of 120 seconds exceeded dans C:\wamp64\www\mono_wp\wp-includes\Requests\src\Transport\Curl.php à la ligne 506

2023-12-20T15:36:15+00:00 CRITICAL Maximum execution time of 120 seconds exceeded dans C:\wamp64\www\mono_wp\wp-includes\Requests\src\Transport\Curl.php à la ligne 506

2023-12-20T15:36:16+00:00 CRITICAL Maximum execution time of 120 seconds exceeded dans C:\wamp64\www\mono_wp\wp-includes\Requests\src\Transport\Curl.php à la ligne 506

2023-12-20T15:36:18+00:00 CRITICAL Maximum execution time of 120 seconds exceeded dans C:\wamp64\www\mono_wp\wp-includes\Requests\src\Transport\Curl.php à la ligne 506

2023-12-20T15:36:21+00:00 CRITICAL Maximum execution time of 120 seconds exceeded dans C:\wamp64\www\mono_wp\wp-includes\Requests\src\Transport\Curl.php à la ligne 506

2023-12-20T15:36:21+00:00 CRITICAL Maximum execution time of 120 seconds exceeded dans C:\wamp64\www\mono_wp\wp-includes\Requests\src\Transport\Curl.php à la ligne 506

2023-12-20T15:36:21+00:00 CRITICAL Maximum execution time of 120 seconds exceeded dans C:\wamp64\www\mono_wp\wp-includes\Requests\src\Transport\Curl.php à la ligne 506

2023-12-20T15:59:12+00:00 CRITICAL Maximum execution time of 120 seconds exceeded dans C:\wamp64\www\mono_wp\wp-includes\class-wp-locale-switcher.php à la ligne 190

2023-12-20T15:59:15+00:00 CRITICAL Maximum execution time of 120 seconds exceeded dans C:\wamp64\www\mono_wp\wp-includes\Requests\src\Transport\Curl.php à la ligne 506

2023-12-20T15:59:28+00:00 CRITICAL Maximum execution time of 120 seconds exceeded dans C:\wamp64\www\mono_wp\wp-includes\Requests\src\Transport\Curl.php à la ligne 506

2023-12-20T15:59:44+00:00 CRITICAL Maximum execution time of 120 seconds exceeded dans C:\wamp64\www\mono_wp\wp-includes\Requests\src\Transport\Curl.php à la ligne 506

2023-12-20T15:59:54+00:00 CRITICAL Maximum execution time of 120 seconds exceeded dans C:\wamp64\www\mono_wp\wp-includes\Requests\src\Transport\Curl.php à la ligne 506

2023-12-20T16:00:09+00:00 CRITICAL Maximum execution time of 120 seconds exceeded dans C:\wamp64\www\mono_wp\wp-includes\Requests\src\Transport\Curl.php à la ligne 506

2023-12-20T16:00:32+00:00 CRITICAL Maximum execution time of 120 seconds exceeded dans C:\wamp64\www\mono_wp\wp-includes\plugin.php à la ligne 205

2023-12-20T16:00:32+00:00 CRITICAL Maximum execution time of 120 seconds exceeded dans C:\wamp64\www\mono_wp\wp-content\plugins\woocommerce\src\Internal\Admin\ProductReviews\Reviews.php à la ligne 536

2023-12-20T16:05:51+00:00 CRITICAL Maximum execution time of 120 seconds exceeded dans C:\wamp64\www\mono_wp\wp-includes\Requests\src\Transport\Curl.php à la ligne 506

2023-12-20T16:06:07+00:00 CRITICAL Maximum execution time of 120 seconds exceeded dans C:\wamp64\www\mono_wp\wp-includes\Requests\src\Transport\Curl.php à la ligne 506

2023-12-20T16:06:14+00:00 CRITICAL Maximum execution time of 120 seconds exceeded dans C:\wamp64\www\mono_wp\wp-includes\Requests\src\Transport\Curl.php à la ligne 506

2023-12-20T16:06:20+00:00 CRITICAL Maximum execution time of 120 seconds exceeded dans C:\wamp64\www\mono_wp\wp-includes\Requests\src\Transport\Curl.php à la ligne 506

2023-12-20T16:06:30+00:00 CRITICAL Maximum execution time of 120 seconds exceeded dans C:\wamp64\www\mono_wp\wp-includes\Requests\src\Transport\Curl.php à la ligne 506

2023-12-20T16:06:51+00:00 CRITICAL Maximum execution time of 120 seconds exceeded dans C:\wamp64\www\mono_wp\wp-includes\Requests\src\Transport\Curl.php à la ligne 506

2023-12-20T16:06:51+00:00 CRITICAL Maximum execution time of 120 seconds exceeded dans C:\wamp64\www\mono_wp\wp-includes\Requests\src\Transport\Curl.php à la ligne 506

2023-12-20T16:06:52+00:00 CRITICAL Maximum execution time of 120 seconds exceeded dans C:\wamp64\www\mono_wp\wp-includes\Requests\src\Transport\Curl.php à la ligne 506

2023-12-20T16:06:56+00:00 CRITICAL Maximum execution time of 120 seconds exceeded dans C:\wamp64\www\mono_wp\wp-includes\Requests\src\Transport\Curl.php à la ligne 506

2023-12-20T16:07:00+00:00 CRITICAL Maximum execution time of 120 seconds exceeded dans C:\wamp64\www\mono_wp\wp-includes\Requests\src\Transport\Curl.php à la ligne 506

2023-12-20T16:07:01+00:00 CRITICAL Maximum execution time of 120 seconds exceeded dans C:\wamp64\www\mono_wp\wp-includes\Requests\src\Transport\Curl.php à la ligne 506

2023-12-20T16:07:08+00:00 CRITICAL Maximum execution time of 120 seconds exceeded dans C:\wamp64\www\mono_wp\wp-includes\Requests\src\Transport\Curl.php à la ligne 506

2023-12-20T16:10:33+00:00 CRITICAL Maximum execution time of 120 seconds exceeded dans C:\wamp64\www\mono_wp\wp-includes\Requests\src\Transport\Curl.php à la ligne 205

2023-12-20T16:10:33+00:00 CRITICAL Maximum execution time of 120 seconds exceeded dans C:\wamp64\www\mono_wp\wp-includes\Requests\src\Transport\Curl.php à la ligne 506

2023-12-20T16:10:36+00:00 CRITICAL Maximum execution time of 120 seconds exceeded dans C:\wamp64\www\mono_wp\wp-includes\Requests\src\Transport\Curl.php à la ligne 506

2023-12-20T16:10:43+00:00 CRITICAL Maximum execution time of 120 seconds exceeded dans C:\wamp64\www\mono_wp\wp-includes\Requests\src\Transport\Curl.php à la ligne 506

2023-12-20T16:10:53+00:00 CRITICAL Maximum execution time of 120 seconds exceeded dans C:\wamp64\www\mono_wp\wp-includes\Requests\src\Transport\Curl.php à la ligne 506

2023-12-20T16:10:54+00:00 CRITICAL Maximum execution time of 120 seconds exceeded dans C:\wamp64\www\mono_wp\wp-includes\Requests\src\Transport\Curl.php à la ligne 506

2023-12-20T16:10:56+00:00 CRITICAL Maximum execution time of 120 seconds exceeded dans C:\wamp64\www\mono_wp\wp-includes\Requests\src\Transport\Curl.php à la ligne 506

2023-12-20T16:11:00+00:00 CRITICAL Maximum execution time of 120 seconds exceeded dans C:\wamp64\www\mono_wp\wp-includes\Requests\src\Transport\Curl.php à la ligne 506

2023-12-20T16:11:00+00:00 CRITICAL Maximum execution time of 120 seconds exceeded dans C:\wamp64\www\mono_wp\wp-includes\Requests\src\Transport\Curl.php à la ligne 506

2023-12-20T16:11:01+00:00 CRITICAL Maximum execution time of 120 seconds exceeded dans C:\wamp64\www\mono_wp\wp-includes\Requests\src\Transport\Curl.php à la ligne 506

2023-12-20T16:11:01+00:00 CRITICAL Maximum execution time of 120 seconds exceeded dans C:\wamp64\www\mono_wp\wp-includes\Requests\src\Transport\Curl.php à la ligne 506

2023-12-20T16:11:32+00:00 CRITICAL Maximum execution time of 120 seconds exceeded dans C:\wamp64\www\mono_wp\wp-includes\Requests\src\Transport\Curl.php à la ligne 506

2023-12-20T16:12:01+00:00 CRITICAL Maximum execution time of 120 seconds exceeded dans C:\wamp64\www\mono_wp\wp-includes\Requests\src\Transport\Curl.php à la ligne 506

2023-12-20T16:13:21+00:00 CRITICAL Maximum execution time of 120 seconds exceeded dans C:\wamp64\www\mono_wp\wp-includes\Requests\src\Transport\Curl.php à la ligne 205

2023-12-20T16:13:29+00:00 CRITICAL Maximum execution time of 120 seconds exceeded dans C:\wamp64\www\mono_wp\wp-includes\l10n.php à la ligne 210

2023-12-20T16:14:00+00:00 CRITICAL Maximum execution time of 120 seconds exceeded dans C:\wamp64\www\mono_wp\wp-includes\Requests\src\Transport\Curl.php à la ligne 506

2023-12-20T16:14:22+00:00 CRITICAL Maximum execution time of 120 seconds exceeded dans C:\wamp64\www\mono_wp\wp-includes\Requests\src\Transport\Curl.php à la ligne 506

2023-12-20T16:14:30+00:00 CRITICAL Maximum execution time of 120 seconds exceeded dans C:\wamp64\www\mono_wp\wp-includes\Requests\src\Transport\Curl.php à la ligne 506

2023-12-20T16:14:48+00:00 CRITICAL Maximum execution time of 120 seconds exceeded dans C:\wamp64\www\mono_wp\wp-includes\functions.php à la ligne 649

2023-12-20T16:14:52+00:00 CRITICAL Maximum execution time of 120 seconds exceeded dans C:\wamp64\www\mono_wp\wp-includes\Requests\src\Transport\Curl.php à la ligne 506

2023-12-20T16:15:20+00:00 CRITICAL Maximum execution time of 120 seconds exceeded dans C:\wamp64\www\mono_wp\wp-includes\Requests\src\Transport\Curl.php à la ligne 205

2023-12-20T16:16:56+00:00 CRITICAL Maximum execution time of 120 seconds exceeded dans C:\wamp64\www\mono_wp\wp-admin\includes\class-wp-filesystem-direct.php à la ligne 82

2023-12-20T16:39:33+00:00 CRITICAL Maximum execution time of 120 seconds exceeded dans C:\wamp64\www\mono_wp\wp-includes\Requests\src\Transport\Curl.php à la ligne 506

2023-12-20T16:39:46+00:00 CRITICAL Maximum execution time of 120 seconds exceeded dans C:\wamp64\www\mono_wp\wp-includes\Requests\src\Transport\Curl.php à la ligne 506

2023-12-20T16:39:48+00:00 CRITICAL Maximum execution time of 120 seconds exceeded dans C:\wamp64\www\mono_wp\wp-includes\Requests\src\Transport\Curl.php à la ligne 506

2023-12-20T16:39:49+00:00 CRITICAL Maximum execution time of 120 seconds exceeded dans C:\wamp64\www\mono_wp\wp-includes\Requests\src\Transport\Curl.php à la ligne 506

2023-12-20T16:39:50+00:00 CRITICAL Maximum execution time of 120 seconds exceeded dans C:\wamp64\www\mono_wp\wp-includes\Requests\src\Transport\Curl.php à la ligne 506

2023-12-20T16:39:51+00:00 CRITICAL Maximum execution time of 120 seconds exceeded dans C:\wamp64\www\mono_wp\wp-includes\Requests\src\Transport\Curl.php à la ligne 506

2023-12-20T16:39:51+00:00 CRITICAL Maximum execution time of 120 seconds exceeded dans C:\wamp64\www\mono_wp\wp-includes\Requests\src\Transport\Curl.php à la ligne 506

2023-12-20T16:39:52+00:00 CRITICAL Maximum execution time of 120 seconds exceeded dans C:\wamp64\www\mono_wp\wp-includes\Requests\src\Transport\Curl.php à la ligne 506

2023-12-20T16:41:11+00:00 CRITICAL Maximum execution time of 120 seconds exceeded dans C:\wamp64\www\mono_wp\wp-includes\Requests\src\Transport\Curl.php à la ligne 506

2023-12-20T16:41:48+00:00 CRITICAL Maximum execution time of 120 seconds exceeded dans C:\wamp64\www\mono_wp\wp-includes\Requests\src\Transport\Curl.php à la ligne 506

2023-12-20T16:41:50+00:00 CRITICAL Maximum execution time of 120 seconds exceeded dans C:\wamp64\www\mono_wp\wp-includes\Requests\src\Transport\Curl.php à la ligne 506

2023-12-20T16:41:50+00:00 CRITICAL Maximum execution time of 120 seconds exceeded dans C:\wamp64\www\mono_wp\wp-includes\Requests\src\Transport\Curl.php à la ligne 506

2023-12-20T16:41:52+00:00 CRITICAL Maximum execution time of 120 seconds exceeded dans C:\wamp64\www\mono_wp\wp-includes\Requests\src\Transport\Curl.php à la ligne 506

2023-12-20T16:41:53+00:00 CRITICAL Maximum execution time of 120 seconds exceeded dans C:\wamp64\www\mono_wp\wp-includes\Requests\src\Transport\Curl.php à la ligne 506

2023-12-20T16:42:02+00:00 CRITICAL Maximum execution time of 120 seconds exceeded dans C:\wamp64\www\mono_wp\wp-includes\Requests\src\Transport\Curl.php à la ligne 506

2023-12-20T16:42:46+00:00 CRITICAL Maximum execution time of 120 seconds exceeded dans C:\wamp64\www\mono_wp\wp-includes\Requests\src\Transport\Curl.php à la ligne 506

2023-12-20T16:44:47+00:00 CRITICAL Maximum execution time of 120 seconds exceeded dans C:\wamp64\www\mono_wp\wp-includes\Requests\src\Transport\Curl.php à la ligne 205

2023-12-20T16:45:18+00:00 CRITICAL Maximum execution time of 120 seconds exceeded dans C:\wamp64\www\mono_wp\wp-includes\Requests\src\Transport\Curl.php à la ligne 506

2023-12-20T16:45:22+00:00 CRITICAL Maximum execution time of 120 seconds exceeded dans C:\wamp64\www\mono_wp\wp-includes\Requests\src\Transport\Curl.php à la ligne 506

2023-12-20T16:45:30+00:00 CRITICAL Maximum execution time of 120 seconds exceeded dans C:\wamp64\www\mono_wp\wp-includes\Requests\src\Transport\Curl.php à la ligne 506

2023-12-20T16:45:32+00:00 CRITICAL Maximum execution time of 120 seconds exceeded dans C:\wamp64\www\mono_wp\wp-includes\Requests\src\Transport\Curl.php à la ligne 506

2023-12-20T16:45:33+00:00 CRITICAL Maximum execution time of 120 seconds exceeded dans C:\wamp64\www\mono_wp\wp-includes\Requests\src\Transport\Curl.php à la ligne 506

2023-12-20T16:45:47+00:00 CRITICAL Maximum execution time of 120 seconds exceeded dans C:\wamp64\www\mono_wp\wp-includes\Requests\src\Transport\Curl.php à la ligne 506

2023-12-20T16:50:13+00:00 CRITICAL Maximum execution time of 120 seconds exceeded dans C:\wamp64\www\mono_wp\wp-content\plugins\woocommerce\src\Internal\Traits\AccessiblePrivateMethods.php à la ligne 0

2023-12-20T16:50:13+00:00 CRITICAL Maximum execution time of 120 seconds exceeded dans C:\wamp64\www\mono_wp\wp-includes\pomo\translations.php à la ligne 107

2023-12-20T16:50:13+00:00 CRITICAL Maximum execution time of 120 seconds exceeded dans C:\wamp64\www\mono_wp\wp-includes\l10n.php à la ligne 297

2023-12-20T16:50:13+00:00 CRITICAL Maximum execution time of 120 seconds exceeded dans C:\wamp64\www\mono_wp\wp-includes\plugin.php à la ligne 209

2023-12-20T16:50:13+00:00 CRITICAL Maximum execution time of 120 seconds exceeded dans C:\wamp64\www\mono_wp\wp-includes\class-wp-hook.php à la ligne 299

2023-12-20T16:50:13+00:00 CRITICAL Maximum execution time of 120 seconds exceeded dans C:\wamp64\www\mono_wp\wp-includes\plugin.php à la ligne 205

2023-12-20T16:52:13+00:00 CRITICAL Maximum execution time of 120 seconds exceeded dans C:\wamp64\www\mono_wp\wp-includes\Requests\src\Transport\Curl.php à la ligne 205

2023-12-20T16:52:13+00:00 CRITICAL Maximum execution time of 120 seconds exceeded dans C:\wamp64\www\mono_wp\wp-includes\Requests\src\Transport\Curl.php à la ligne 205

2023-12-20T16:52:13+00:00 CRITICAL Maximum execution time of 120 seconds exceeded dans C:\wamp64\www\mono_wp\wp-includes\Requests\src\Transport\Curl.php à la ligne 205

2023-12-20T16:52:14+00:00 CRITICAL Maximum execution time of 120 seconds exceeded dans C:\wamp64\www\mono_wp\wp-includes\Requests\src\Transport\Curl.php à la ligne 205

2023-12-20T16:52:14+00:00 CRITICAL Maximum execution time of 120 seconds exceeded dans C:\wamp64\www\mono_wp\wp-includes\Requests\src\Transport\Curl.php à la ligne 205

2023-12-20T16:52:15+00:00 CRITICAL Maximum execution time of 120 seconds exceeded dans C:\wamp64\www\mono_wp\wp-includes\Requests\src\Transport\Curl.php à la ligne 506

2023-12-20T16:52:17+00:00 CRITICAL Maximum execution time of 120 seconds exceeded dans C:\wamp64\www\mono_wp\wp-includes\Requests\src\Transport\Curl.php à la ligne 506

2023-12-20T16:52:17+00:00 CRITICAL Maximum execution time of 120 seconds exceeded dans C:\wamp64\www\mono_wp\wp-includes\Requests\src\Transport\Curl.php à la ligne 506

2023-12-20T16:52:17+00:00 CRITICAL Maximum execution time of 120 seconds exceeded dans C:\wamp64\www\mono_wp\wp-includes\Requests\src\Transport\Curl.php à la ligne 506

2023-12-20T16:52:17+00:00 CRITICAL Maximum execution time of 120 seconds exceeded dans C:\wamp64\www\mono_wp\wp-includes\Requests\src\Transport\Curl.php à la ligne 506

2023-12-20T16:52:18+00:00 CRITICAL Maximum execution time of 120 seconds exceeded dans C:\wamp64\www\mono_wp\wp-includes\Requests\src\Transport\Curl.php à la ligne 506

2023-12-20T16:52:18+00:00 CRITICAL Maximum execution time of 120 seconds exceeded dans C:\wamp64\www\mono_wp\wp-includes\Requests\src\Transport\Curl.php à la ligne 506

2023-12-20T16:56:22+00:00 CRITICAL Maximum execution time of 120 seconds exceeded dans C:\wamp64\www\mono_wp\wp-includes\Requests\src\Transport\Curl.php à la ligne 205

2023-12-20T16:56:36+00:00 CRITICAL Maximum execution time of 120 seconds exceeded dans C:\wamp64\www\mono_wp\wp-includes\Requests\src\Transport\Curl.php à la ligne 506

2023-12-20T16:56:56+00:00 CRITICAL Maximum execution time of 120 seconds exceeded dans C:\wamp64\www\mono_wp\wp-includes\Requests\src\Transport\Curl.php à la ligne 506

2023-12-20T16:57:05+00:00 CRITICAL Maximum execution time of 120 seconds exceeded dans C:\wamp64\www\mono_wp\wp-includes\Requests\src\Transport\Curl.php à la ligne 506

2023-12-20T16:57:22+00:00 CRITICAL Maximum execution time of 120 seconds exceeded dans C:\wamp64\www\mono_wp\wp-includes\Requests\src\Transport\Curl.php à la ligne 506

2023-12-20T16:57:22+00:00 CRITICAL Maximum execution time of 120 seconds exceeded dans C:\wamp64\www\mono_wp\wp-includes\Requests\src\Transport\Curl.php à la ligne 506

2023-12-20T16:58:03+00:00 CRITICAL Maximum execution time of 120 seconds exceeded dans C:\wamp64\www\mono_wp\wp-includes\Requests\src\Transport\Curl.php à la ligne 506

2023-12-20T16:58:15+00:00 CRITICAL Maximum execution time of 120 seconds exceeded dans C:\wamp64\www\mono_wp\wp-includes\Requests\src\Transport\Curl.php à la ligne 506

2023-12-20T16:58:20+00:00 CRITICAL Maximum execution time of 120 seconds exceeded dans C:\wamp64\www\mono_wp\wp-includes\Requests\src\Transport\Curl.php à la ligne 506

2023-12-20T16:58:21+00:00 CRITICAL Maximum execution time of 120 seconds exceeded dans C:\wamp64\www\mono_wp\wp-includes\Requests\src\Transport\Curl.php à la ligne 506

2023-12-20T17:01:52+00:00 CRITICAL Maximum execution time of 120 seconds exceeded dans C:\wamp64\www\mono_wp\wp-includes\kses.php à la ligne 1894

2023-12-20T17:02:19+00:00 CRITICAL Maximum execution time of 120 seconds exceeded dans C:\wamp64\www\mono_wp\wp-includes\Requests\src\Transport\Curl.php à la ligne 506

2023-12-20T17:02:24+00:00 CRITICAL Maximum execution time of 120 seconds exceeded dans C:\wamp64\www\mono_wp\wp-includes\Requests\src\Transport\Curl.php à la ligne 506

2023-12-20T17:02:28+00:00 CRITICAL Maximum execution time of 120 seconds exceeded dans C:\wamp64\www\mono_wp\wp-includes\Requests\src\Transport\Curl.php à la ligne 506

2023-12-20T17:02:35+00:00 CRITICAL Maximum execution time of 120 seconds exceeded dans C:\wamp64\www\mono_wp\wp-includes\Requests\src\Transport\Curl.php à la ligne 506

